Removed Pin From Net: NetName=24V+ Pin=H2-1
Removed Pin From Net: NetName=24V- Pin=H2-2
Removed Pin From Net: NetName=24V+ Pin=H3-1
Removed Pin From Net: NetName=24V- Pin=H3-2
Removed Pin From Net: NetName=24V+ Pin=H4-1
Removed Pin From Net: NetName=24V- Pin=H4-2
Removed Pin From Net: NetName=24V+ Pin=H5-1
Removed Pin From Net: NetName=24V- Pin=H5-2
Removed Pin From Net: NetName=24V+ Pin=H6-1
Removed Pin From Net: NetName=24V- Pin=H6-2
Added Pin To Net: NetName=24V- Pin=H2-1
Added Pin To Net: NetName=24V+ Pin=H2-2
Added Pin To Net: NetName=24V- Pin=H3-1
Added Pin To Net: NetName=24V+ Pin=H3-2
Added Pin To Net: NetName=24V- Pin=H4-1
Added Pin To Net: NetName=24V+ Pin=H4-2
Added Pin To Net: NetName=24V- Pin=H5-1
Added Pin To Net: NetName=24V+ Pin=H5-2
Added Pin To Net: NetName=24V- Pin=H6-1
Added Pin To Net: NetName=24V+ Pin=H6-2
Change Class Name : Old Net Name=DC48V_DC24V_200W_V1.0 New Net Name=DC48V_DC24V_200W_V2.0
