Added Component: Designator=D6(SMC_L6.9-W5.9-LS7.9-RD)
Add component (AddParameter): Name = "Add into BOM"; Value = "yes"; VariantName = "[No Variations]"
Add component (AddParameter): Name = "Clamping Voltage"; Value = "45.4V"; VariantName = "[No Variations]"
Add component (AddParameter): Name = "Convert to PCB"; Value = "yes"; VariantName = "[No Variations]"
Add component (AddParameter): Name = "Datasheet"; Value = "https://item.szlcsc.com/datasheet/SMDJ28A/44252493.html"; VariantName = "[No Variations]"
Add component (AddParameter): Name = "Device"; Value = "SMDJ28A_C42371721"; VariantName = "[No Variations]"
Add component (AddParameter): Name = "JLCPCB Part Class"; Value = "Extended Part"; VariantName = "[No Variations]"
Add component (AddParameter): Name = "LCSC Part Name"; Value = "单向TVS 28V截止 峰值浪涌电流：66.1A"; VariantName = "[No Variations]"
Add component (AddParameter): Name = "level of protection"; Value = "IEC 61000-4-2"; VariantName = "[No Variations]"
Add component (AddParameter): Name = "Manufacturer"; Value = "R+O(宏嘉诚)"; VariantName = "[No Variations]"
Add component (AddParameter): Name = "Manufacturer Part"; Value = "SMDJ28A"; VariantName = "[No Variations]"
Add component (AddParameter): Name = "Number of Channels"; Value = "单路"; VariantName = "[No Variations]"
Add component (AddParameter): Name = "Operating Temperature"; Value = "-55℃~+150℃"; VariantName = "[No Variations]"
Add component (AddParameter): Name = "Peak Pulse Current (Ipp)"; Value = "66.1A"; VariantName = "[No Variations]"
Add component (AddParameter): Name = "Peak Pulse Power Dissipation (Ppp)"; Value = "3kW"; VariantName = "[No Variations]"
Add component (AddParameter): Name = "Polarity"; Value = "单向"; VariantName = "[No Variations]"
Add component (AddParameter): Name = "Reverse Leakage Current (Ir)"; Value = "1uA"; VariantName = "[No Variations]"
Add component (AddParameter): Name = "Reverse Stand-Off Voltage (Vrwm)"; Value = "28V"; VariantName = "[No Variations]"
Add component (AddParameter): Name = "Supplier"; Value = "LCSC"; VariantName = "[No Variations]"
Add component (AddParameter): Name = "Supplier Footprint"; Value = "SMC(DO-214AB)"; VariantName = "[No Variations]"
Add component (AddParameter): Name = "Supplier Part"; Value = "C42371721"; VariantName = "[No Variations]"
Add component (AddParameter): Name = "Symbol"; Value = "SMDJ28A_C42371721"; VariantName = "[No Variations]"
Add component (AddParameter): Name = "Type"; Value = "TVS"; VariantName = "[No Variations]"
Add component (AddParameter): Name = "Voltage - Breakdown"; Value = "31.1V"; VariantName = "[No Variations]"
Added Component: Designator=H6(CONN-TH_XT30PW-M)
Add component (AddParameter): Name = "Add into BOM"; Value = "yes"; VariantName = "[No Variations]"
Add component (AddParameter): Name = "Belt length"; Value = "-"; VariantName = "[No Variations]"
Add component (AddParameter): Name = "Colour"; Value = "-"; VariantName = "[No Variations]"
Add component (AddParameter): Name = "contact resistance"; Value = "1.2mΩ"; VariantName = "[No Variations]"
Add component (AddParameter): Name = "Convert to PCB"; Value = "yes"; VariantName = "[No Variations]"
Add component (AddParameter): Name = "Datasheet"; Value = "https://atta.szlcsc.com/upload/public/pdf/source/20220222/6A9F22F7850E25B33E1BE430ADF8560B.pdf"; VariantName = "[No Variations]"
Add component (AddParameter): Name = "Device"; Value = "XT30PW-M30.G.Y"; VariantName = "[No Variations]"
Add component (AddParameter): Name = "FlameRetardantGrade"; Value = "-"; VariantName = "[No Variations]"
Add component (AddParameter): Name = "Input"; Value = "-"; VariantName = "[No Variations]"
Add component (AddParameter): Name = "InsulationMaterial"; Value = "-"; VariantName = "[No Variations]"
Add component (AddParameter): Name = "Interface"; Value = "-"; VariantName = "[No Variations]"
Add component (AddParameter): Name = "InterfaceType"; Value = "公头"; VariantName = "[No Variations]"
Add component (AddParameter): Name = "JLCPCB Part Class"; Value = "Extended Part"; VariantName = "[No Variations]"
Add component (AddParameter): Name = "LCSC Part Name"; Value = "AMASS(艾迈斯)航模插头 卧式弯脚 XT30PW-M公头"; VariantName = "[No Variations]"
Add component (AddParameter): Name = "Manufacturer"; Value = "AMASS(艾迈斯)"; VariantName = "[No Variations]"
Add component (AddParameter): Name = "Manufacturer Part"; Value = "XT30PW-M30.G.Y"; VariantName = "[No Variations]"
Add component (AddParameter): Name = "MaximumCurrent"; Value = "-"; VariantName = "[No Variations]"
Add component (AddParameter): Name = "MetalMaterial"; Value = "-"; VariantName = "[No Variations]"
Add component (AddParameter): Name = "NumberOfUSBHoles"; Value = "-"; VariantName = "[No Variations]"
Add component (AddParameter): Name = "Output"; Value = "-"; VariantName = "[No Variations]"
Add component (AddParameter): Name = "Power"; Value = "-"; VariantName = "[No Variations]"
Add component (AddParameter): Name = "RatedCurrent"; Value = "15A"; VariantName = "[No Variations]"
Add component (AddParameter): Name = "RatedVoltage"; Value = "DC 500V"; VariantName = "[No Variations]"
Add component (AddParameter): Name = "RecommendedWireGauge"; Value = "16/18/20AWG"; VariantName = "[No Variations]"
Add component (AddParameter): Name = "Size"; Value = "-"; VariantName = "[No Variations]"
Add component (AddParameter): Name = "specifications"; Value = "2pin"; VariantName = "[No Variations]"
Add component (AddParameter): Name = "Supplier"; Value = "LCSC"; VariantName = "[No Variations]"
Add component (AddParameter): Name = "Supplier Footprint"; Value = "-"; VariantName = "[No Variations]"
Add component (AddParameter): Name = "Supplier Part"; Value = "C431092"; VariantName = "[No Variations]"
Add component (AddParameter): Name = "Symbol"; Value = "XT30PW-M"; VariantName = "[No Variations]"
Add component (AddParameter): Name = "Type"; Value = "航模插头"; VariantName = "[No Variations]"
Add component (AddParameter): Name = "Type1"; Value = "-"; VariantName = "[No Variations]"
Added Pin To Net: NetName=24V+ Pin=D6-1
Added Pin To Net: NetName=24V- Pin=D6-2
Added Pin To Net: NetName=24V+ Pin=H6-1
Added Pin To Net: NetName=24V- Pin=H6-2
Added Member To Class: ClassName=DC48V_DC24V_200W_V1.0 Member=Component D6 SMDJ28A
Added Member To Class: ClassName=DC48V_DC24V_200W_V1.0 Member=Component H6 XT30PW
