Change Component Footprint: Designator=D2 Old Footprint=SMC_L6.9-W5.9-LS7.9-RD New Footprint=SMA_L4.4-W2.8-LS5.4-RD
Change Component Footprint: Designator=D3 Old Footprint=SMC_L6.9-W5.9-LS7.9-RD New Footprint=SMA_L4.4-W2.8-LS5.4-RD
Change Component Footprint: Designator=D4 Old Footprint=SMC_L6.9-W5.9-LS7.9-RD New Footprint=SMA_L4.4-W2.8-LS5.4-RD
Change Component Footprint: Designator=D5 Old Footprint=SMC_L6.9-W5.9-LS7.9-RD New Footprint=SMA_L4.4-W2.8-LS5.4-RD
Change Component Footprint: Designator=D6 Old Footprint=SMC_L6.9-W5.9-LS7.9-RD New Footprint=SMA_L4.4-W2.8-LS5.4-RD
Change Component Comment : Designator=D2 Old Comment=SMDJ28A New Comment=SMAJ28A
Change Component Comment : Designator=D3 Old Comment=SMDJ28A New Comment=SMAJ28A
Change Component Comment : Designator=D4 Old Comment=SMDJ28A New Comment=SMAJ28A
Change Component Comment : Designator=D5 Old Comment=SMDJ28A New Comment=SMAJ28A
Change Component Comment : Designator=D6 Old Comment=SMDJ28A New Comment=SMAJ28A
Change component parameters: Designator = "D2" ("D2"); Footprint = "SMC_L6.9-W5.9-LS7.9-RD"; UniqueID = "\ZHJVXLKQ" ("\ZHJVXLKQ")
Change component parameters (AddParameter): Name = "Add into BOM"; Value = "yes"; VariantName = "[No Variations]"
Change component parameters (AddParameter): Name = "Clamping Voltage"; Value = "45.4V"; VariantName = "[No Variations]"
Change component parameters (AddParameter): Name = "Convert to PCB"; Value = "yes"; VariantName = "[No Variations]"
Change component parameters (AddParameter): Name = "Datasheet"; Value = "https://item.szlcsc.com/datasheet/SMAJ28A/159560.html"; VariantName = "[No Variations]"
Change component parameters (AddParameter): Name = "Device"; Value = "SMAJ28A_C148227"; VariantName = "[No Variations]"
Change component parameters (AddParameter): Name = "JLCPCB Part Class"; Value = "Extended Part"; VariantName = "[No Variations]"
Change component parameters (AddParameter): Name = "LCSC Part Name"; Value = "SMAJ28A"; VariantName = "[No Variations]"
Change component parameters (AddParameter): Name = "level of protection"; Value = "IEC 61000-4-4；IEC 61000-4-2"; VariantName = "[No Variations]"
Change component parameters (AddParameter): Name = "Manufacturer"; Value = "Littelfuse(美国力特)"; VariantName = "[No Variations]"
Change component parameters (AddParameter): Name = "Manufacturer Part"; Value = "SMAJ28A"; VariantName = "[No Variations]"
Change component parameters (AddParameter): Name = "Operating Temperature"; Value = "-65℃~+150℃"; VariantName = "[No Variations]"
Change component parameters (AddParameter): Name = "Peak Pulse Current (Ipp)"; Value = "8.8A@10/1000us"; VariantName = "[No Variations]"
Change component parameters (AddParameter): Name = "Peak Pulse Power Dissipation (Ppp)"; Value = "400W@10/1000us"; VariantName = "[No Variations]"
Change component parameters (AddParameter): Name = "Polarity"; Value = "单向"; VariantName = "[No Variations]"
Change component parameters (AddParameter): Name = "Reverse Leakage Current (Ir)"; Value = "1uA"; VariantName = "[No Variations]"
Change component parameters (AddParameter): Name = "Reverse Stand-Off Voltage (Vrwm)"; Value = "28V"; VariantName = "[No Variations]"
Change component parameters (AddParameter): Name = "Supplier"; Value = "LCSC"; VariantName = "[No Variations]"
Change component parameters (AddParameter): Name = "Supplier Footprint"; Value = "SMA(DO-214AC)"; VariantName = "[No Variations]"
Change component parameters (AddParameter): Name = "Supplier Part"; Value = "C148227"; VariantName = "[No Variations]"
Change component parameters (AddParameter): Name = "Symbol"; Value = "SMAJ28A_C148227"; VariantName = "[No Variations]"
Change component parameters (AddParameter): Name = "Type"; Value = "TVS"; VariantName = "[No Variations]"
Change component parameters (AddParameter): Name = "Voltage - Breakdown"; Value = "34.4V"; VariantName = "[No Variations]"
Change component parameters: Designator = "D3" ("D3"); Footprint = "SMC_L6.9-W5.9-LS7.9-RD"; UniqueID = "\IMUCJFYD" ("\IMUCJFYD")
Change component parameters (AddParameter): Name = "Add into BOM"; Value = "yes"; VariantName = "[No Variations]"
Change component parameters (AddParameter): Name = "Clamping Voltage"; Value = "45.4V"; VariantName = "[No Variations]"
Change component parameters (AddParameter): Name = "Convert to PCB"; Value = "yes"; VariantName = "[No Variations]"
Change component parameters (AddParameter): Name = "Datasheet"; Value = "https://item.szlcsc.com/datasheet/SMAJ28A/159560.html"; VariantName = "[No Variations]"
Change component parameters (AddParameter): Name = "Device"; Value = "SMAJ28A_C148227"; VariantName = "[No Variations]"
Change component parameters (AddParameter): Name = "JLCPCB Part Class"; Value = "Extended Part"; VariantName = "[No Variations]"
Change component parameters (AddParameter): Name = "LCSC Part Name"; Value = "SMAJ28A"; VariantName = "[No Variations]"
Change component parameters (AddParameter): Name = "level of protection"; Value = "IEC 61000-4-4；IEC 61000-4-2"; VariantName = "[No Variations]"
Change component parameters (AddParameter): Name = "Manufacturer"; Value = "Littelfuse(美国力特)"; VariantName = "[No Variations]"
Change component parameters (AddParameter): Name = "Manufacturer Part"; Value = "SMAJ28A"; VariantName = "[No Variations]"
Change component parameters (AddParameter): Name = "Operating Temperature"; Value = "-65℃~+150℃"; VariantName = "[No Variations]"
Change component parameters (AddParameter): Name = "Peak Pulse Current (Ipp)"; Value = "8.8A@10/1000us"; VariantName = "[No Variations]"
Change component parameters (AddParameter): Name = "Peak Pulse Power Dissipation (Ppp)"; Value = "400W@10/1000us"; VariantName = "[No Variations]"
Change component parameters (AddParameter): Name = "Polarity"; Value = "单向"; VariantName = "[No Variations]"
Change component parameters (AddParameter): Name = "Reverse Leakage Current (Ir)"; Value = "1uA"; VariantName = "[No Variations]"
Change component parameters (AddParameter): Name = "Reverse Stand-Off Voltage (Vrwm)"; Value = "28V"; VariantName = "[No Variations]"
Change component parameters (AddParameter): Name = "Supplier"; Value = "LCSC"; VariantName = "[No Variations]"
Change component parameters (AddParameter): Name = "Supplier Footprint"; Value = "SMA(DO-214AC)"; VariantName = "[No Variations]"
Change component parameters (AddParameter): Name = "Supplier Part"; Value = "C148227"; VariantName = "[No Variations]"
Change component parameters (AddParameter): Name = "Symbol"; Value = "SMAJ28A_C148227"; VariantName = "[No Variations]"
Change component parameters (AddParameter): Name = "Type"; Value = "TVS"; VariantName = "[No Variations]"
Change component parameters (AddParameter): Name = "Voltage - Breakdown"; Value = "34.4V"; VariantName = "[No Variations]"
Change component parameters: Designator = "D4" ("D4"); Footprint = "SMC_L6.9-W5.9-LS7.9-RD"; UniqueID = "\DHRIAWFB" ("\DHRIAWFB")
Change component parameters (AddParameter): Name = "Add into BOM"; Value = "yes"; VariantName = "[No Variations]"
Change component parameters (AddParameter): Name = "Clamping Voltage"; Value = "45.4V"; VariantName = "[No Variations]"
Change component parameters (AddParameter): Name = "Convert to PCB"; Value = "yes"; VariantName = "[No Variations]"
Change component parameters (AddParameter): Name = "Datasheet"; Value = "https://item.szlcsc.com/datasheet/SMAJ28A/159560.html"; VariantName = "[No Variations]"
Change component parameters (AddParameter): Name = "Device"; Value = "SMAJ28A_C148227"; VariantName = "[No Variations]"
Change component parameters (AddParameter): Name = "JLCPCB Part Class"; Value = "Extended Part"; VariantName = "[No Variations]"
Change component parameters (AddParameter): Name = "LCSC Part Name"; Value = "SMAJ28A"; VariantName = "[No Variations]"
Change component parameters (AddParameter): Name = "level of protection"; Value = "IEC 61000-4-4；IEC 61000-4-2"; VariantName = "[No Variations]"
Change component parameters (AddParameter): Name = "Manufacturer"; Value = "Littelfuse(美国力特)"; VariantName = "[No Variations]"
Change component parameters (AddParameter): Name = "Manufacturer Part"; Value = "SMAJ28A"; VariantName = "[No Variations]"
Change component parameters (AddParameter): Name = "Operating Temperature"; Value = "-65℃~+150℃"; VariantName = "[No Variations]"
Change component parameters (AddParameter): Name = "Peak Pulse Current (Ipp)"; Value = "8.8A@10/1000us"; VariantName = "[No Variations]"
Change component parameters (AddParameter): Name = "Peak Pulse Power Dissipation (Ppp)"; Value = "400W@10/1000us"; VariantName = "[No Variations]"
Change component parameters (AddParameter): Name = "Polarity"; Value = "单向"; VariantName = "[No Variations]"
Change component parameters (AddParameter): Name = "Reverse Leakage Current (Ir)"; Value = "1uA"; VariantName = "[No Variations]"
Change component parameters (AddParameter): Name = "Reverse Stand-Off Voltage (Vrwm)"; Value = "28V"; VariantName = "[No Variations]"
Change component parameters (AddParameter): Name = "Supplier"; Value = "LCSC"; VariantName = "[No Variations]"
Change component parameters (AddParameter): Name = "Supplier Footprint"; Value = "SMA(DO-214AC)"; VariantName = "[No Variations]"
Change component parameters (AddParameter): Name = "Supplier Part"; Value = "C148227"; VariantName = "[No Variations]"
Change component parameters (AddParameter): Name = "Symbol"; Value = "SMAJ28A_C148227"; VariantName = "[No Variations]"
Change component parameters (AddParameter): Name = "Type"; Value = "TVS"; VariantName = "[No Variations]"
Change component parameters (AddParameter): Name = "Voltage - Breakdown"; Value = "34.4V"; VariantName = "[No Variations]"
Change component parameters: Designator = "D5" ("D5"); Footprint = "SMC_L6.9-W5.9-LS7.9-RD"; UniqueID = "\BHHEHESD" ("\BHHEHESD")
Change component parameters (AddParameter): Name = "Add into BOM"; Value = "yes"; VariantName = "[No Variations]"
Change component parameters (AddParameter): Name = "Clamping Voltage"; Value = "45.4V"; VariantName = "[No Variations]"
Change component parameters (AddParameter): Name = "Convert to PCB"; Value = "yes"; VariantName = "[No Variations]"
Change component parameters (AddParameter): Name = "Datasheet"; Value = "https://item.szlcsc.com/datasheet/SMAJ28A/159560.html"; VariantName = "[No Variations]"
Change component parameters (AddParameter): Name = "Device"; Value = "SMAJ28A_C148227"; VariantName = "[No Variations]"
Change component parameters (AddParameter): Name = "JLCPCB Part Class"; Value = "Extended Part"; VariantName = "[No Variations]"
Change component parameters (AddParameter): Name = "LCSC Part Name"; Value = "SMAJ28A"; VariantName = "[No Variations]"
Change component parameters (AddParameter): Name = "level of protection"; Value = "IEC 61000-4-4；IEC 61000-4-2"; VariantName = "[No Variations]"
Change component parameters (AddParameter): Name = "Manufacturer"; Value = "Littelfuse(美国力特)"; VariantName = "[No Variations]"
Change component parameters (AddParameter): Name = "Manufacturer Part"; Value = "SMAJ28A"; VariantName = "[No Variations]"
Change component parameters (AddParameter): Name = "Operating Temperature"; Value = "-65℃~+150℃"; VariantName = "[No Variations]"
Change component parameters (AddParameter): Name = "Peak Pulse Current (Ipp)"; Value = "8.8A@10/1000us"; VariantName = "[No Variations]"
Change component parameters (AddParameter): Name = "Peak Pulse Power Dissipation (Ppp)"; Value = "400W@10/1000us"; VariantName = "[No Variations]"
Change component parameters (AddParameter): Name = "Polarity"; Value = "单向"; VariantName = "[No Variations]"
Change component parameters (AddParameter): Name = "Reverse Leakage Current (Ir)"; Value = "1uA"; VariantName = "[No Variations]"
Change component parameters (AddParameter): Name = "Reverse Stand-Off Voltage (Vrwm)"; Value = "28V"; VariantName = "[No Variations]"
Change component parameters (AddParameter): Name = "Supplier"; Value = "LCSC"; VariantName = "[No Variations]"
Change component parameters (AddParameter): Name = "Supplier Footprint"; Value = "SMA(DO-214AC)"; VariantName = "[No Variations]"
Change component parameters (AddParameter): Name = "Supplier Part"; Value = "C148227"; VariantName = "[No Variations]"
Change component parameters (AddParameter): Name = "Symbol"; Value = "SMAJ28A_C148227"; VariantName = "[No Variations]"
Change component parameters (AddParameter): Name = "Type"; Value = "TVS"; VariantName = "[No Variations]"
Change component parameters (AddParameter): Name = "Voltage - Breakdown"; Value = "34.4V"; VariantName = "[No Variations]"
Change component parameters: Designator = "D6" ("D6"); Footprint = "SMC_L6.9-W5.9-LS7.9-RD"; UniqueID = "\XJGARFOM" ("\XJGARFOM")
Change component parameters (AddParameter): Name = "Add into BOM"; Value = "yes"; VariantName = "[No Variations]"
Change component parameters (AddParameter): Name = "Clamping Voltage"; Value = "45.4V"; VariantName = "[No Variations]"
Change component parameters (AddParameter): Name = "Convert to PCB"; Value = "yes"; VariantName = "[No Variations]"
Change component parameters (AddParameter): Name = "Datasheet"; Value = "https://item.szlcsc.com/datasheet/SMAJ28A/159560.html"; VariantName = "[No Variations]"
Change component parameters (AddParameter): Name = "Device"; Value = "SMAJ28A_C148227"; VariantName = "[No Variations]"
Change component parameters (AddParameter): Name = "JLCPCB Part Class"; Value = "Extended Part"; VariantName = "[No Variations]"
Change component parameters (AddParameter): Name = "LCSC Part Name"; Value = "SMAJ28A"; VariantName = "[No Variations]"
Change component parameters (AddParameter): Name = "level of protection"; Value = "IEC 61000-4-4；IEC 61000-4-2"; VariantName = "[No Variations]"
Change component parameters (AddParameter): Name = "Manufacturer"; Value = "Littelfuse(美国力特)"; VariantName = "[No Variations]"
Change component parameters (AddParameter): Name = "Manufacturer Part"; Value = "SMAJ28A"; VariantName = "[No Variations]"
Change component parameters (AddParameter): Name = "Operating Temperature"; Value = "-65℃~+150℃"; VariantName = "[No Variations]"
Change component parameters (AddParameter): Name = "Peak Pulse Current (Ipp)"; Value = "8.8A@10/1000us"; VariantName = "[No Variations]"
Change component parameters (AddParameter): Name = "Peak Pulse Power Dissipation (Ppp)"; Value = "400W@10/1000us"; VariantName = "[No Variations]"
Change component parameters (AddParameter): Name = "Polarity"; Value = "单向"; VariantName = "[No Variations]"
Change component parameters (AddParameter): Name = "Reverse Leakage Current (Ir)"; Value = "1uA"; VariantName = "[No Variations]"
Change component parameters (AddParameter): Name = "Reverse Stand-Off Voltage (Vrwm)"; Value = "28V"; VariantName = "[No Variations]"
Change component parameters (AddParameter): Name = "Supplier"; Value = "LCSC"; VariantName = "[No Variations]"
Change component parameters (AddParameter): Name = "Supplier Footprint"; Value = "SMA(DO-214AC)"; VariantName = "[No Variations]"
Change component parameters (AddParameter): Name = "Supplier Part"; Value = "C148227"; VariantName = "[No Variations]"
Change component parameters (AddParameter): Name = "Symbol"; Value = "SMAJ28A_C148227"; VariantName = "[No Variations]"
Change component parameters (AddParameter): Name = "Type"; Value = "TVS"; VariantName = "[No Variations]"
Change component parameters (AddParameter): Name = "Voltage - Breakdown"; Value = "34.4V"; VariantName = "[No Variations]"
